CRITICAL - 2026-05-11 12:07:35 --> CodeIgniter\View\Exceptions\ViewException: Invalid file: "pontos.php"
[Method: GET, Route: pontos]
in SYSTEMPATH\Exceptions\FrameworkException.php on line 39.
 1 SYSTEMPATH\View\View.php(228): CodeIgniter\Exceptions\FrameworkException::forInvalidFile('pontos.php')
 2 SYSTEMPATH\Common.php(1250): CodeIgniter\View\View->render('pontos', [], true)
 3 APPPATH\Controllers\Home.php(19): view('pontos')
 4 SYSTEMPATH\CodeIgniter.php(951): App\Controllers\Home->pontos()
 5 SYSTEMPATH\CodeIgniter.php(497): CodeIgniter\CodeIgniter->runController(Object(App\Controllers\Home))
 6 SYSTEMPATH\CodeIgniter.php(340): CodeIgniter\CodeIgniter->handleRequest(null, Object(Config\Cache), false)
 7 SYSTEMPATH\Boot.php(417): CodeIgniter\CodeIgniter->run()
 8 SYSTEMPATH\Boot.php(68): CodeIgniter\Boot::runCodeIgniter(Object(CodeIgniter\CodeIgniter))
 9 FCPATH\index.php(59): CodeIgniter\Boot::bootWeb(Object(Config\Paths))
CRITICAL - 2026-05-11 12:07:58 --> CodeIgniter\View\Exceptions\ViewException: Invalid file: "pontos.php"
[Method: GET, Route: pontos]
in SYSTEMPATH\Exceptions\FrameworkException.php on line 39.
 1 SYSTEMPATH\View\View.php(228): CodeIgniter\Exceptions\FrameworkException::forInvalidFile('pontos.php')
 2 SYSTEMPATH\Common.php(1250): CodeIgniter\View\View->render('pontos', [], true)
 3 APPPATH\Controllers\Home.php(19): view('pontos')
 4 SYSTEMPATH\CodeIgniter.php(951): App\Controllers\Home->pontos()
 5 SYSTEMPATH\CodeIgniter.php(497): CodeIgniter\CodeIgniter->runController(Object(App\Controllers\Home))
 6 SYSTEMPATH\CodeIgniter.php(340): CodeIgniter\CodeIgniter->handleRequest(null, Object(Config\Cache), false)
 7 SYSTEMPATH\Boot.php(417): CodeIgniter\CodeIgniter->run()
 8 SYSTEMPATH\Boot.php(68): CodeIgniter\Boot::runCodeIgniter(Object(CodeIgniter\CodeIgniter))
 9 FCPATH\index.php(59): CodeIgniter\Boot::bootWeb(Object(Config\Paths))
CRITICAL - 2026-05-11 12:20:29 --> CodeIgniter\View\Exceptions\ViewException: Invalid file: "pontos.php"
[Method: GET, Route: pontos]
in SYSTEMPATH\Exceptions\FrameworkException.php on line 39.
 1 SYSTEMPATH\View\View.php(228): CodeIgniter\Exceptions\FrameworkException::forInvalidFile('pontos.php')
 2 SYSTEMPATH\Common.php(1250): CodeIgniter\View\View->render('pontos', [], true)
 3 APPPATH\Controllers\Home.php(19): view('pontos')
 4 SYSTEMPATH\CodeIgniter.php(951): App\Controllers\Home->pontos()
 5 SYSTEMPATH\CodeIgniter.php(497): CodeIgniter\CodeIgniter->runController(Object(App\Controllers\Home))
 6 SYSTEMPATH\CodeIgniter.php(340): CodeIgniter\CodeIgniter->handleRequest(null, Object(Config\Cache), false)
 7 SYSTEMPATH\Boot.php(417): CodeIgniter\CodeIgniter->run()
 8 SYSTEMPATH\Boot.php(68): CodeIgniter\Boot::runCodeIgniter(Object(CodeIgniter\CodeIgniter))
 9 FCPATH\index.php(59): CodeIgniter\Boot::bootWeb(Object(Config\Paths))
CRITICAL - 2026-05-11 12:21:41 --> CodeIgniter\View\Exceptions\ViewException: Invalid file: "pontos.php"
[Method: GET, Route: pontos]
in SYSTEMPATH\Exceptions\FrameworkException.php on line 39.
 1 SYSTEMPATH\View\View.php(228): CodeIgniter\Exceptions\FrameworkException::forInvalidFile('pontos.php')
 2 SYSTEMPATH\Common.php(1250): CodeIgniter\View\View->render('pontos', [], true)
 3 APPPATH\Controllers\Home.php(19): view('pontos')
 4 SYSTEMPATH\CodeIgniter.php(951): App\Controllers\Home->pontos()
 5 SYSTEMPATH\CodeIgniter.php(497): CodeIgniter\CodeIgniter->runController(Object(App\Controllers\Home))
 6 SYSTEMPATH\CodeIgniter.php(340): CodeIgniter\CodeIgniter->handleRequest(null, Object(Config\Cache), false)
 7 SYSTEMPATH\Boot.php(417): CodeIgniter\CodeIgniter->run()
 8 SYSTEMPATH\Boot.php(68): CodeIgniter\Boot::runCodeIgniter(Object(CodeIgniter\CodeIgniter))
 9 FCPATH\index.php(59): CodeIgniter\Boot::bootWeb(Object(Config\Paths))
CRITICAL - 2026-05-11 12:21:42 --> CodeIgniter\View\Exceptions\ViewException: Invalid file: "pontos.php"
[Method: GET, Route: pontos]
in SYSTEMPATH\Exceptions\FrameworkException.php on line 39.
 1 SYSTEMPATH\View\View.php(228): CodeIgniter\Exceptions\FrameworkException::forInvalidFile('pontos.php')
 2 SYSTEMPATH\Common.php(1250): CodeIgniter\View\View->render('pontos', [], true)
 3 APPPATH\Controllers\Home.php(19): view('pontos')
 4 SYSTEMPATH\CodeIgniter.php(951): App\Controllers\Home->pontos()
 5 SYSTEMPATH\CodeIgniter.php(497): CodeIgniter\CodeIgniter->runController(Object(App\Controllers\Home))
 6 SYSTEMPATH\CodeIgniter.php(340): CodeIgniter\CodeIgniter->handleRequest(null, Object(Config\Cache), false)
 7 SYSTEMPATH\Boot.php(417): CodeIgniter\CodeIgniter->run()
 8 SYSTEMPATH\Boot.php(68): CodeIgniter\Boot::runCodeIgniter(Object(CodeIgniter\CodeIgniter))
 9 FCPATH\index.php(59): CodeIgniter\Boot::bootWeb(Object(Config\Paths))
CRITICAL - 2026-05-11 12:21:45 --> CodeIgniter\View\Exceptions\ViewException: Invalid file: "pontos.php"
[Method: GET, Route: pontos]
in SYSTEMPATH\Exceptions\FrameworkException.php on line 39.
 1 SYSTEMPATH\View\View.php(228): CodeIgniter\Exceptions\FrameworkException::forInvalidFile('pontos.php')
 2 SYSTEMPATH\Common.php(1250): CodeIgniter\View\View->render('pontos', [], true)
 3 APPPATH\Controllers\Home.php(19): view('pontos')
 4 SYSTEMPATH\CodeIgniter.php(951): App\Controllers\Home->pontos()
 5 SYSTEMPATH\CodeIgniter.php(497): CodeIgniter\CodeIgniter->runController(Object(App\Controllers\Home))
 6 SYSTEMPATH\CodeIgniter.php(340): CodeIgniter\CodeIgniter->handleRequest(null, Object(Config\Cache), false)
 7 SYSTEMPATH\Boot.php(417): CodeIgniter\CodeIgniter->run()
 8 SYSTEMPATH\Boot.php(68): CodeIgniter\Boot::runCodeIgniter(Object(CodeIgniter\CodeIgniter))
 9 FCPATH\index.php(59): CodeIgniter\Boot::bootWeb(Object(Config\Paths))
CRITICAL - 2026-05-11 12:23:41 --> CodeIgniter\View\Exceptions\ViewException: Invalid file: "pontos.php"
[Method: GET, Route: pontos]
in SYSTEMPATH\Exceptions\FrameworkException.php on line 39.
 1 SYSTEMPATH\View\View.php(228): CodeIgniter\Exceptions\FrameworkException::forInvalidFile('pontos.php')
 2 SYSTEMPATH\Common.php(1250): CodeIgniter\View\View->render('pontos', [], true)
 3 APPPATH\Controllers\Home.php(19): view('pontos')
 4 SYSTEMPATH\CodeIgniter.php(951): App\Controllers\Home->pontos()
 5 SYSTEMPATH\CodeIgniter.php(497): CodeIgniter\CodeIgniter->runController(Object(App\Controllers\Home))
 6 SYSTEMPATH\CodeIgniter.php(340): CodeIgniter\CodeIgniter->handleRequest(null, Object(Config\Cache), false)
 7 SYSTEMPATH\Boot.php(417): CodeIgniter\CodeIgniter->run()
 8 SYSTEMPATH\Boot.php(68): CodeIgniter\Boot::runCodeIgniter(Object(CodeIgniter\CodeIgniter))
 9 FCPATH\index.php(59): CodeIgniter\Boot::bootWeb(Object(Config\Paths))
CRITICAL - 2026-05-11 12:23:54 --> CodeIgniter\View\Exceptions\ViewException: Invalid file: "pontos.php"
[Method: GET, Route: pontos]
in SYSTEMPATH\Exceptions\FrameworkException.php on line 39.
 1 SYSTEMPATH\View\View.php(228): CodeIgniter\Exceptions\FrameworkException::forInvalidFile('pontos.php')
 2 SYSTEMPATH\Common.php(1250): CodeIgniter\View\View->render('pontos', [], true)
 3 APPPATH\Controllers\Home.php(19): view('pontos')
 4 SYSTEMPATH\CodeIgniter.php(951): App\Controllers\Home->pontos()
 5 SYSTEMPATH\CodeIgniter.php(497): CodeIgniter\CodeIgniter->runController(Object(App\Controllers\Home))
 6 SYSTEMPATH\CodeIgniter.php(340): CodeIgniter\CodeIgniter->handleRequest(null, Object(Config\Cache), false)
 7 SYSTEMPATH\Boot.php(417): CodeIgniter\CodeIgniter->run()
 8 SYSTEMPATH\Boot.php(68): CodeIgniter\Boot::runCodeIgniter(Object(CodeIgniter\CodeIgniter))
 9 FCPATH\index.php(59): CodeIgniter\Boot::bootWeb(Object(Config\Paths))
CRITICAL - 2026-05-11 12:25:02 --> CodeIgniter\View\Exceptions\ViewException: Invalid file: "pontos.php"
[Method: GET, Route: pontos]
in SYSTEMPATH\Exceptions\FrameworkException.php on line 39.
 1 SYSTEMPATH\View\View.php(228): CodeIgniter\Exceptions\FrameworkException::forInvalidFile('pontos.php')
 2 SYSTEMPATH\Common.php(1250): CodeIgniter\View\View->render('pontos', [], true)
 3 APPPATH\Controllers\Home.php(19): view('pontos')
 4 SYSTEMPATH\CodeIgniter.php(951): App\Controllers\Home->pontos()
 5 SYSTEMPATH\CodeIgniter.php(497): CodeIgniter\CodeIgniter->runController(Object(App\Controllers\Home))
 6 SYSTEMPATH\CodeIgniter.php(340): CodeIgniter\CodeIgniter->handleRequest(null, Object(Config\Cache), false)
 7 SYSTEMPATH\Boot.php(417): CodeIgniter\CodeIgniter->run()
 8 SYSTEMPATH\Boot.php(68): CodeIgniter\Boot::runCodeIgniter(Object(CodeIgniter\CodeIgniter))
 9 FCPATH\index.php(59): CodeIgniter\Boot::bootWeb(Object(Config\Paths))
CRITICAL - 2026-05-11 12:26:19 --> CodeIgniter\View\Exceptions\ViewException: Invalid file: "pontos.php"
[Method: GET, Route: pontos]
in SYSTEMPATH\Exceptions\FrameworkException.php on line 39.
 1 SYSTEMPATH\View\View.php(228): CodeIgniter\Exceptions\FrameworkException::forInvalidFile('pontos.php')
 2 SYSTEMPATH\Common.php(1250): CodeIgniter\View\View->render('pontos', [], true)
 3 APPPATH\Controllers\Home.php(19): view('pontos')
 4 SYSTEMPATH\CodeIgniter.php(951): App\Controllers\Home->pontos()
 5 SYSTEMPATH\CodeIgniter.php(497): CodeIgniter\CodeIgniter->runController(Object(App\Controllers\Home))
 6 SYSTEMPATH\CodeIgniter.php(340): CodeIgniter\CodeIgniter->handleRequest(null, Object(Config\Cache), false)
 7 SYSTEMPATH\Boot.php(417): CodeIgniter\CodeIgniter->run()
 8 SYSTEMPATH\Boot.php(68): CodeIgniter\Boot::runCodeIgniter(Object(CodeIgniter\CodeIgniter))
 9 FCPATH\index.php(59): CodeIgniter\Boot::bootWeb(Object(Config\Paths))
CRITICAL - 2026-05-11 12:26:20 --> CodeIgniter\View\Exceptions\ViewException: Invalid file: "pontos.php"
[Method: GET, Route: pontos]
in SYSTEMPATH\Exceptions\FrameworkException.php on line 39.
 1 SYSTEMPATH\View\View.php(228): CodeIgniter\Exceptions\FrameworkException::forInvalidFile('pontos.php')
 2 SYSTEMPATH\Common.php(1250): CodeIgniter\View\View->render('pontos', [], true)
 3 APPPATH\Controllers\Home.php(19): view('pontos')
 4 SYSTEMPATH\CodeIgniter.php(951): App\Controllers\Home->pontos()
 5 SYSTEMPATH\CodeIgniter.php(497): CodeIgniter\CodeIgniter->runController(Object(App\Controllers\Home))
 6 SYSTEMPATH\CodeIgniter.php(340): CodeIgniter\CodeIgniter->handleRequest(null, Object(Config\Cache), false)
 7 SYSTEMPATH\Boot.php(417): CodeIgniter\CodeIgniter->run()
 8 SYSTEMPATH\Boot.php(68): CodeIgniter\Boot::runCodeIgniter(Object(CodeIgniter\CodeIgniter))
 9 FCPATH\index.php(59): CodeIgniter\Boot::bootWeb(Object(Config\Paths))
CRITICAL - 2026-05-11 12:26:22 --> CodeIgniter\View\Exceptions\ViewException: Invalid file: "pontos.php"
[Method: GET, Route: pontos]
in SYSTEMPATH\Exceptions\FrameworkException.php on line 39.
 1 SYSTEMPATH\View\View.php(228): CodeIgniter\Exceptions\FrameworkException::forInvalidFile('pontos.php')
 2 SYSTEMPATH\Common.php(1250): CodeIgniter\View\View->render('pontos', [], true)
 3 APPPATH\Controllers\Home.php(19): view('pontos')
 4 SYSTEMPATH\CodeIgniter.php(951): App\Controllers\Home->pontos()
 5 SYSTEMPATH\CodeIgniter.php(497): CodeIgniter\CodeIgniter->runController(Object(App\Controllers\Home))
 6 SYSTEMPATH\CodeIgniter.php(340): CodeIgniter\CodeIgniter->handleRequest(null, Object(Config\Cache), false)
 7 SYSTEMPATH\Boot.php(417): CodeIgniter\CodeIgniter->run()
 8 SYSTEMPATH\Boot.php(68): CodeIgniter\Boot::runCodeIgniter(Object(CodeIgniter\CodeIgniter))
 9 FCPATH\index.php(59): CodeIgniter\Boot::bootWeb(Object(Config\Paths))
CRITICAL - 2026-05-11 12:30:58 --> CodeIgniter\View\Exceptions\ViewException: Invalid file: "pontos.php"
[Method: GET, Route: pontos]
in SYSTEMPATH\Exceptions\FrameworkException.php on line 39.
 1 SYSTEMPATH\View\View.php(228): CodeIgniter\Exceptions\FrameworkException::forInvalidFile('pontos.php')
 2 SYSTEMPATH\Common.php(1250): CodeIgniter\View\View->render('pontos', [], true)
 3 APPPATH\Controllers\Home.php(19): view('pontos')
 4 SYSTEMPATH\CodeIgniter.php(951): App\Controllers\Home->pontos()
 5 SYSTEMPATH\CodeIgniter.php(497): CodeIgniter\CodeIgniter->runController(Object(App\Controllers\Home))
 6 SYSTEMPATH\CodeIgniter.php(340): CodeIgniter\CodeIgniter->handleRequest(null, Object(Config\Cache), false)
 7 SYSTEMPATH\Boot.php(417): CodeIgniter\CodeIgniter->run()
 8 SYSTEMPATH\Boot.php(68): CodeIgniter\Boot::runCodeIgniter(Object(CodeIgniter\CodeIgniter))
 9 FCPATH\index.php(59): CodeIgniter\Boot::bootWeb(Object(Config\Paths))
CRITICAL - 2026-05-11 12:30:59 --> CodeIgniter\View\Exceptions\ViewException: Invalid file: "pontos.php"
[Method: GET, Route: pontos]
in SYSTEMPATH\Exceptions\FrameworkException.php on line 39.
 1 SYSTEMPATH\View\View.php(228): CodeIgniter\Exceptions\FrameworkException::forInvalidFile('pontos.php')
 2 SYSTEMPATH\Common.php(1250): CodeIgniter\View\View->render('pontos', [], true)
 3 APPPATH\Controllers\Home.php(19): view('pontos')
 4 SYSTEMPATH\CodeIgniter.php(951): App\Controllers\Home->pontos()
 5 SYSTEMPATH\CodeIgniter.php(497): CodeIgniter\CodeIgniter->runController(Object(App\Controllers\Home))
 6 SYSTEMPATH\CodeIgniter.php(340): CodeIgniter\CodeIgniter->handleRequest(null, Object(Config\Cache), false)
 7 SYSTEMPATH\Boot.php(417): CodeIgniter\CodeIgniter->run()
 8 SYSTEMPATH\Boot.php(68): CodeIgniter\Boot::runCodeIgniter(Object(CodeIgniter\CodeIgniter))
 9 FCPATH\index.php(59): CodeIgniter\Boot::bootWeb(Object(Config\Paths))
CRITICAL - 2026-05-11 12:31:21 --> CodeIgniter\View\Exceptions\ViewException: Invalid file: "pontos.php"
[Method: GET, Route: pontos]
in SYSTEMPATH\Exceptions\FrameworkException.php on line 39.
 1 SYSTEMPATH\View\View.php(228): CodeIgniter\Exceptions\FrameworkException::forInvalidFile('pontos.php')
 2 SYSTEMPATH\Common.php(1250): CodeIgniter\View\View->render('pontos', [], true)
 3 APPPATH\Controllers\Home.php(19): view('pontos')
 4 SYSTEMPATH\CodeIgniter.php(951): App\Controllers\Home->pontos()
 5 SYSTEMPATH\CodeIgniter.php(497): CodeIgniter\CodeIgniter->runController(Object(App\Controllers\Home))
 6 SYSTEMPATH\CodeIgniter.php(340): CodeIgniter\CodeIgniter->handleRequest(null, Object(Config\Cache), false)
 7 SYSTEMPATH\Boot.php(417): CodeIgniter\CodeIgniter->run()
 8 SYSTEMPATH\Boot.php(68): CodeIgniter\Boot::runCodeIgniter(Object(CodeIgniter\CodeIgniter))
 9 FCPATH\index.php(59): CodeIgniter\Boot::bootWeb(Object(Config\Paths))
